Removed Pin From Net: NetName=GND Pin=J2-2
Removed Pin From Net: NetName=12V Pin=J2-3
Added Component: Designator=Q2(SOT-23-3)
Added Component: Designator=Q3(SOT-23-3)
Added Component: Designator=Q4(SOT-23-3)
Added Component: Designator=R9(0603_R)
Added Component: Designator=R12(0603_R)
Added Component: Designator=R13(0603_R)
Added Component: Designator=R14(0603_R)
Added Component: Designator=R15(0603_R)
Added Pin To Net: NetName=GND Pin=J2-1
Added Pin To Net: NetName=12V Pin=Q2-2
Added Pin To Net: NetName=GND Pin=Q3-2
Added Pin To Net: NetName=GND Pin=Q4-2
Added Pin To Net: NetName=12V Pin=R9-1
Added Pin To Net: NetName=12V Pin=R12-1
Added Pin To Net: NetName=GND Pin=R13-2
Added Pin To Net: NetName=GND Pin=R15-1
Added Pin To Net: NetName=NetQ2_1 Pin=Q2-1
Added Pin To Net: NetName=NetQ2_1 Pin=R12-2
Added Pin To Net: NetName=NetQ2_1 Pin=R14-1
Added Net: Name=NetQ2_1
Added Pin To Net: NetName=NetQ3_1 Pin=Q3-1
Added Pin To Net: NetName=NetQ3_1 Pin=Q4-3
Added Pin To Net: NetName=NetQ3_1 Pin=R9-2
Added Pin To Net: NetName=NetQ3_1 Pin=R13-1
Added Net: Name=NetQ3_1
Added Pin To Net: NetName=NetQ3_3 Pin=Q3-3
Added Pin To Net: NetName=NetQ3_3 Pin=R14-2
Added Net: Name=NetQ3_3
Added Pin To Net: NetName=POWER Pin=J2-2
Added Pin To Net: NetName=POWER Pin=Q2-3
Added Net: Name=POWER
Added Pin To Net: NetName=SIG Pin=Q4-1
Added Pin To Net: NetName=SIG Pin=R15-2
Added Net: Name=SIG
Added Member To Class: ClassName=24V-12V Member=Component Q2 AO3401
Added Member To Class: ClassName=24V-12V Member=Component Q3 AO3400
Added Member To Class: ClassName=24V-12V Member=Component Q4 AO3400
Added Member To Class: ClassName=24V-12V Member=Component R9 30K次/1%
Added Member To Class: ClassName=24V-12V Member=Component R12 30K次/1%
Added Member To Class: ClassName=24V-12V Member=Component R13 10K次/1%
Added Member To Class: ClassName=24V-12V Member=Component R14 30K次/1%
Added Member To Class: ClassName=24V-12V Member=Component R15 30K次/1%
Added Room: Name=24V-12V
